0 info it worked if it ends with ok
1 verbose cli [ 'C:\\NodeJS\\\\node.exe',
1 verbose cli   'C:\\NodeJS\\node_modules\\npm\\bin\\npm-cli.js',
1 verbose cli   'install',
1 verbose cli   'firebase',
1 verbose cli   '--save' ]
2 info using npm@1.4.28
3 info using node@v0.10.36
4 verbose node symlink C:\NodeJS\\node.exe
5 error Error: ENOENT, stat 'C:\Users\Hussein\AppData\Roaming\npm'
6 error If you need help, you may report this *entire* log,
6 error including the npm and node versions, at:
6 error     <http://github.com/npm/npm/issues>
7 error System Windows_NT 6.2.9200
8 error command "C:\\NodeJS\\\\node.exe" "C:\\NodeJS\\node_modules\\npm\\bin\\npm-cli.js" "install" "firebase" "--save"
9 error cwd C:\Users\Hussein\Documents\Development\uwvarsitysquash
10 error node -v v0.10.36
11 error npm -v 1.4.28
12 error path C:\Users\Hussein\AppData\Roaming\npm
13 error code ENOENT
14 error errno 34
15 verbose exit [ 34, true ]
